2020-05-20 11:33:01.202 INFO main org.fujionclinical.messaging.jms.activemq.BrokerServiceDelegator - Starting BrokerService
2020-05-20 11:33:01.754 INFO main org.fujionclinical.api.test.MessagingTest - Sending: Type: test; id: 3302ce64-7f3c-472a-a7cf-8b52278c3f5f; created: Wed May 20 11:33:01 EDT 2020; metadata: {count=1}; payload: Test Message
2020-05-20 11:33:01.851 INFO main org.fujionclinical.api.test.MessagingTest - Sending: Type: test; id: f65cfddb-6079-4150-8787-8e66b2a82f74; created: Wed May 20 11:33:01 EDT 2020; metadata: {count=2}; payload: Test Message
2020-05-20 11:33:01.866 INFO main org.fujionclinical.api.test.MessagingTest - Sending: Type: test; id: 541b8e25-a5c0-4550-83fb-980ccadf876c; created: Wed May 20 11:33:01 EDT 2020; metadata: {count=3}; payload: Test Message
2020-05-20 11:33:01.869 INFO main org.fujionclinical.api.test.MessagingTest - Sending: Type: test; id: 5ae30582-f82f-43d2-8c55-c68ba3f16906; created: Wed May 20 11:33:01 EDT 2020; metadata: {count=4}; payload: Test Message
2020-05-20 11:33:01.884 INFO ActiveMQ Session Task-1 org.fujionclinical.api.test.MessagingTest - Received on channel channel1: Type: test; id: 541b8e25-a5c0-4550-83fb-980ccadf876c; created: Wed May 20 11:33:01 EDT 2020; metadata: {fcf.pub.node=c7e78d21-90b6-4b62-9d2d-44fb2560c737, count=3, fcf.pub.channel=channel1, fcf.pub.recipients=[Lorg.fujionclinical.api.messaging.Recipient;@21574570, fcf.pub.event=c607383b-ce37-4e8e-aa60-e596c2b3edf9, fcf.pub.when=1589988781866}; payload: Test Message
2020-05-20 11:33:02.377 INFO main org.fujionclinical.api.test.MessagingTest - Sending: Type: test; id: 3c3520f1-7dde-4ff4-a041-679fdb53fd4a; created: Wed May 20 11:33:02 EDT 2020; metadata: {count=5}; payload: Test Message
2020-05-20 11:33:02.378 INFO main org.fujionclinical.api.test.MessagingTest - Sending: Type: test; id: 9fc2c7f4-3f89-4797-98d4-02cbd9a6e648; created: Wed May 20 11:33:02 EDT 2020; metadata: {count=6}; payload: Test Message
2020-05-20 11:33:02.381 INFO main org.fujionclinical.api.test.MessagingTest - Sending: Type: test; id: b91cf6f9-522f-4a0d-82fc-d1b068b4495b; created: Wed May 20 11:33:02 EDT 2020; metadata: {count=7}; payload: Test Message
2020-05-20 11:33:02.382 INFO main org.fujionclinical.api.test.MessagingTest - Sending: Type: test; id: 6dc98bd3-cd4e-4841-bf6f-37867168fdfb; created: Wed May 20 11:33:02 EDT 2020; metadata: {count=8}; payload: Test Message
2020-05-20 11:33:02.384 INFO ActiveMQ Session Task-1 org.fujionclinical.api.test.MessagingTest - Received on channel channel2: Type: test; id: 6dc98bd3-cd4e-4841-bf6f-37867168fdfb; created: Wed May 20 11:33:02 EDT 2020; metadata: {fcf.pub.node=c7e78d21-90b6-4b62-9d2d-44fb2560c737, count=8, fcf.pub.channel=channel2, fcf.pub.recipients=[Lorg.fujionclinical.api.messaging.Recipient;@26ebea2e, fcf.pub.event=86b26cce-a444-4a08-a84b-f9116275d8e6, fcf.pub.when=1589988782382}; payload: Test Message
2020-05-20 11:33:02.887 INFO main org.fujionclinical.api.test.MessagingTest - Sending: Type: test; id: c86487a0-ee02-4269-855d-2b51e2f8dd22; created: Wed May 20 11:33:02 EDT 2020; metadata: {count=9}; payload: Test Message
2020-05-20 11:33:02.888 INFO main org.fujionclinical.api.test.MessagingTest - Sending: Type: test; id: 9dd6d366-90dc-4795-a1c6-ceb96f00dde6; created: Wed May 20 11:33:02 EDT 2020; metadata: {count=10}; payload: Test Message
2020-05-20 11:33:02.889 INFO ActiveMQ Session Task-1 org.fujionclinical.api.test.MessagingTest - Received on channel channel1: Type: test; id: c86487a0-ee02-4269-855d-2b51e2f8dd22; created: Wed May 20 11:33:02 EDT 2020; metadata: {fcf.pub.node=c7e78d21-90b6-4b62-9d2d-44fb2560c737, count=9, fcf.pub.channel=channel1, fcf.pub.recipients=[Lorg.fujionclinical.api.messaging.Recipient;@a418a3d, fcf.pub.event=5c1263d2-ae9c-4a9c-9c20-a4ef548e58f2, fcf.pub.when=1589988782887}; payload: Test Message
2020-05-20 11:33:03.394 INFO main org.fujionclinical.api.test.MessagingTest - Sending: Type: test; id: 65880a79-5509-4fe2-8530-a07d4d521019; created: Wed May 20 11:33:03 EDT 2020; metadata: {count=11}; payload: Test Message
2020-05-20 11:33:03.395 INFO main org.fujionclinical.api.test.MessagingTest - Sending: Type: test; id: a7fcdfe2-5c66-4fb0-ac18-c600009edb2b; created: Wed May 20 11:33:03 EDT 2020; metadata: {count=12}; payload: Test Message
2020-05-20 11:33:03.402 INFO main org.fujionclinical.messaging.jms.activemq.BrokerServiceDelegator - Stopping BrokerService
2020-05-20 11:45:06.137 INFO main org.fujionclinical.messaging.jms.activemq.BrokerServiceDelegator - Starting BrokerService
2020-05-20 11:45:06.754 INFO main org.fujionclinical.api.test.MessagingTest - Sending: Type: test; id: 7e1ab816-a02d-40b3-aa3a-48fea343c12a; created: Wed May 20 11:45:06 EDT 2020; metadata: {count=1}; payload: Test Message
2020-05-20 11:45:06.820 INFO main org.fujionclinical.api.test.MessagingTest - Sending: Type: test; id: 00d62324-0fef-404b-b76c-10ccc7fed9e7; created: Wed May 20 11:45:06 EDT 2020; metadata: {count=2}; payload: Test Message
2020-05-20 11:45:06.829 INFO main org.fujionclinical.api.test.MessagingTest - Sending: Type: test; id: f8eba5d5-0cce-4c2c-9543-d1f5b7e2ae62; created: Wed May 20 11:45:06 EDT 2020; metadata: {count=3}; payload: Test Message
2020-05-20 11:45:06.831 INFO main org.fujionclinical.api.test.MessagingTest - Sending: Type: test; id: d9508795-f44c-4ed4-93cd-2501bb231f40; created: Wed May 20 11:45:06 EDT 2020; metadata: {count=4}; payload: Test Message
2020-05-20 11:45:06.840 INFO ActiveMQ Session Task-1 org.fujionclinical.api.test.MessagingTest - Received on channel channel1: Type: test; id: f8eba5d5-0cce-4c2c-9543-d1f5b7e2ae62; created: Wed May 20 11:45:06 EDT 2020; metadata: {fcf.pub.node=6be1320c-ad57-4805-ba47-972b8be8c83c, count=3, fcf.pub.channel=channel1, fcf.pub.recipients=[Lorg.fujionclinical.api.messaging.Recipient;@3f6ecf5d, fcf.pub.event=a11780c1-cf04-4699-a288-e89f5b2762fb, fcf.pub.when=1589989506829}; payload: Test Message
2020-05-20 11:45:07.337 INFO main org.fujionclinical.api.test.MessagingTest - Sending: Type: test; id: be03b891-50ad-41cf-943e-7362eea549c9; created: Wed May 20 11:45:07 EDT 2020; metadata: {count=5}; payload: Test Message
2020-05-20 11:45:07.339 INFO main org.fujionclinical.api.test.MessagingTest - Sending: Type: test; id: 6d972627-a4f3-43ba-b6de-3aca198b563d; created: Wed May 20 11:45:07 EDT 2020; metadata: {count=6}; payload: Test Message
2020-05-20 11:45:07.342 INFO main org.fujionclinical.api.test.MessagingTest - Sending: Type: test; id: c029f35a-647d-4543-bed2-ec61c3296874; created: Wed May 20 11:45:07 EDT 2020; metadata: {count=7}; payload: Test Message
2020-05-20 11:45:07.343 INFO main org.fujionclinical.api.test.MessagingTest - Sending: Type: test; id: 42722663-86ac-4bc2-8f2b-30216353b973; created: Wed May 20 11:45:07 EDT 2020; metadata: {count=8}; payload: Test Message
2020-05-20 11:45:07.344 INFO ActiveMQ Session Task-1 org.fujionclinical.api.test.MessagingTest - Received on channel channel2: Type: test; id: 42722663-86ac-4bc2-8f2b-30216353b973; created: Wed May 20 11:45:07 EDT 2020; metadata: {fcf.pub.node=6be1320c-ad57-4805-ba47-972b8be8c83c, count=8, fcf.pub.channel=channel2, fcf.pub.recipients=[Lorg.fujionclinical.api.messaging.Recipient;@4adc1d24, fcf.pub.event=718e5c19-88d6-49dd-8b0d-f9b7fe1e9a84, fcf.pub.when=1589989507343}; payload: Test Message
2020-05-20 11:45:07.847 INFO main org.fujionclinical.api.test.MessagingTest - Sending: Type: test; id: baf5df87-7e38-4aff-9ad1-16256f73b300; created: Wed May 20 11:45:07 EDT 2020; metadata: {count=9}; payload: Test Message
2020-05-20 11:45:07.847 INFO main org.fujionclinical.api.test.MessagingTest - Sending: Type: test; id: c983fc9b-a531-4117-892f-9ab73983fd63; created: Wed May 20 11:45:07 EDT 2020; metadata: {count=10}; payload: Test Message
2020-05-20 11:45:07.849 INFO ActiveMQ Session Task-1 org.fujionclinical.api.test.MessagingTest - Received on channel channel1: Type: test; id: baf5df87-7e38-4aff-9ad1-16256f73b300; created: Wed May 20 11:45:07 EDT 2020; metadata: {fcf.pub.node=6be1320c-ad57-4805-ba47-972b8be8c83c, count=9, fcf.pub.channel=channel1, fcf.pub.recipients=[Lorg.fujionclinical.api.messaging.Recipient;@341468aa, fcf.pub.event=4bbac1b8-0e0c-428d-8c2b-41a27f0b2d22, fcf.pub.when=1589989507847}; payload: Test Message
2020-05-20 11:45:08.352 INFO main org.fujionclinical.api.test.MessagingTest - Sending: Type: test; id: c69975e7-50cc-4a17-a51a-592c790f8e85; created: Wed May 20 11:45:08 EDT 2020; metadata: {count=11}; payload: Test Message
2020-05-20 11:45:08.353 INFO main org.fujionclinical.api.test.MessagingTest - Sending: Type: test; id: 72f1191b-326c-4a38-9b37-4736b0f88e7c; created: Wed May 20 11:45:08 EDT 2020; metadata: {count=12}; payload: Test Message
2020-05-20 11:45:08.360 INFO main org.fujionclinical.messaging.jms.activemq.BrokerServiceDelegator - Stopping BrokerService
2020-05-20 13:41:49.942 INFO main org.fujionclinical.messaging.jms.activemq.BrokerServiceDelegator - Starting BrokerService
2020-05-20 13:41:50.543 INFO main org.fujionclinical.api.test.MessagingTest - Sending: Type: test; id: ea27b398-15ec-4461-8d3d-60053f417ea6; created: Wed May 20 13:41:50 EDT 2020; metadata: {count=1}; payload: Test Message
2020-05-20 13:41:50.610 INFO main org.fujionclinical.api.test.MessagingTest - Sending: Type: test; id: a2a96414-eceb-453d-9ca5-67dd77e9baea; created: Wed May 20 13:41:50 EDT 2020; metadata: {count=2}; payload: Test Message
2020-05-20 13:41:50.620 INFO main org.fujionclinical.api.test.MessagingTest - Sending: Type: test; id: a3cafe44-87ab-4113-a2e1-28340588eb62; created: Wed May 20 13:41:50 EDT 2020; metadata: {count=3}; payload: Test Message
2020-05-20 13:41:50.622 INFO main org.fujionclinical.api.test.MessagingTest - Sending: Type: test; id: c3e88d01-35bd-435d-a804-66db2c50a67b; created: Wed May 20 13:41:50 EDT 2020; metadata: {count=4}; payload: Test Message
2020-05-20 13:41:50.631 INFO ActiveMQ Session Task-1 org.fujionclinical.api.test.MessagingTest - Received on channel channel1: Type: test; id: a3cafe44-87ab-4113-a2e1-28340588eb62; created: Wed May 20 13:41:50 EDT 2020; metadata: {fcf.pub.node=3bb4b462-0989-41f9-9a7f-602e09eacc35, count=3, fcf.pub.channel=channel1, fcf.pub.recipients=[Lorg.fujionclinical.api.messaging.Recipient;@3641c64c, fcf.pub.event=783127a9-eb09-4d35-bc39-6bba80699e03, fcf.pub.when=1589996510620}; payload: Test Message
2020-05-20 13:41:51.126 INFO main org.fujionclinical.api.test.MessagingTest - Sending: Type: test; id: 3356a3ae-09ba-40eb-a7f5-9f1e14ae64a7; created: Wed May 20 13:41:51 EDT 2020; metadata: {count=5}; payload: Test Message
2020-05-20 13:41:51.127 INFO main org.fujionclinical.api.test.MessagingTest - Sending: Type: test; id: d3256ca5-b436-4ae8-9d66-1ac031e0e527; created: Wed May 20 13:41:51 EDT 2020; metadata: {count=6}; payload: Test Message
2020-05-20 13:41:51.130 INFO main org.fujionclinical.api.test.MessagingTest - Sending: Type: test; id: 246ca33a-807e-4e9e-8426-e093518ce304; created: Wed May 20 13:41:51 EDT 2020; metadata: {count=7}; payload: Test Message
2020-05-20 13:41:51.131 INFO main org.fujionclinical.api.test.MessagingTest - Sending: Type: test; id: 67a4c96e-4976-4317-9eb0-f596d4bb1ed3; created: Wed May 20 13:41:51 EDT 2020; metadata: {count=8}; payload: Test Message
2020-05-20 13:41:51.132 INFO ActiveMQ Session Task-1 org.fujionclinical.api.test.MessagingTest - Received on channel channel2: Type: test; id: 67a4c96e-4976-4317-9eb0-f596d4bb1ed3; created: Wed May 20 13:41:51 EDT 2020; metadata: {fcf.pub.node=3bb4b462-0989-41f9-9a7f-602e09eacc35, count=8, fcf.pub.channel=channel2, fcf.pub.recipients=[Lorg.fujionclinical.api.messaging.Recipient;@284dc2d1, fcf.pub.event=106c23c2-c3d2-40ed-bb9c-1fcae4469ffc, fcf.pub.when=1589996511131}; payload: Test Message
2020-05-20 13:41:51.636 INFO main org.fujionclinical.api.test.MessagingTest - Sending: Type: test; id: 813af215-5ffe-43c7-8ec7-3b072043e745; created: Wed May 20 13:41:51 EDT 2020; metadata: {count=9}; payload: Test Message
2020-05-20 13:41:51.636 INFO main org.fujionclinical.api.test.MessagingTest - Sending: Type: test; id: 65e65226-ac29-403e-b696-1e3768b1133b; created: Wed May 20 13:41:51 EDT 2020; metadata: {count=10}; payload: Test Message
2020-05-20 13:41:51.637 INFO ActiveMQ Session Task-1 org.fujionclinical.api.test.MessagingTest - Received on channel channel1: Type: test; id: 813af215-5ffe-43c7-8ec7-3b072043e745; created: Wed May 20 13:41:51 EDT 2020; metadata: {fcf.pub.node=3bb4b462-0989-41f9-9a7f-602e09eacc35, count=9, fcf.pub.channel=channel1, fcf.pub.recipients=[Lorg.fujionclinical.api.messaging.Recipient;@70fc1f03, fcf.pub.event=87e2ffb5-a82a-4053-ac1a-a1fd0d4ee912, fcf.pub.when=1589996511636}; payload: Test Message
2020-05-20 13:41:52.141 INFO main org.fujionclinical.api.test.MessagingTest - Sending: Type: test; id: b62608f7-2953-4c1f-b7fb-95b0eb156944; created: Wed May 20 13:41:52 EDT 2020; metadata: {count=11}; payload: Test Message
2020-05-20 13:41:52.142 INFO main org.fujionclinical.api.test.MessagingTest - Sending: Type: test; id: c762d82d-8fc8-41a1-adcc-5c5c4ecad358; created: Wed May 20 13:41:52 EDT 2020; metadata: {count=12}; payload: Test Message
2020-05-20 13:41:52.147 INFO main org.fujionclinical.messaging.jms.activemq.BrokerServiceDelegator - Stopping BrokerService
